2023-09-30@07:13:55 99
2023-09-30@07:13:55 68
2023-09-30@07:13:55 68
2023-09-30@07:13:55 68
2023-09-30@07:13:55 68
2023-09-30@07:13:55 68
2023-09-30@07:13:56 68
2023-09-30@07:13:56 68
2023-09-30@07:13:56 217
2023-09-30@07:13:57 65
2023-09-30@07:13:57 65
2023-09-30@07:13:57 65
2023-09-30@07:13:57 65
2023-09-30@07:13:57 292
2023-09-30@07:13:57 292
2023-09-30@07:13:57 130
2023-09-30@07:13:57 131
2023-09-30@07:13:57 68
2023-09-30@07:13:57 92
2023-09-30@07:13:58 370
2023-09-30@07:13:58 48
2023-09-30@07:13:59 68
2023-09-30@07:13:59 68
2023-09-30@07:13:59 145
2023-09-30@07:13:59 384
2023-09-30@07:13:59 77
2023-09-30@07:13:59 77
2023-09-30@07:13:59 88
2023-09-30@07:13:59 88
2023-09-30@07:13:59 104
2023-09-30@07:13:59 93
2023-09-30@07:13:59 1294
2023-09-30@07:13:59 145
2023-09-30@07:13:59 134
2023-09-30@07:13:59 162
2023-09-30@07:13:59 122
2023-09-30@07:13:59 391
2023-09-30@07:13:59 1294
2023-09-30@07:13:59 122
2023-09-30@07:13:59 853
2023-09-30@07:13:59 75
2023-09-30@07:13:59 201
2023-09-30@07:13:59 68
2023-09-30@07:13:59 66
2023-09-30@07:13:59 75
2023-09-30@07:13:59 164
2023-09-30@07:13:59 572
2023-09-30@07:13:59 79
2023-09-30@07:13:59 66
2023-09-30@07:13:59 69
2023-09-30@07:13:59 76
2023-09-30@07:13:59 262
2023-09-30@07:14:00 217
2023-09-30@07:14:00 56
2023-09-30@07:14:00 68
2023-09-30@07:14:00 56
2023-09-30@07:14:00 68
2023-09-30@07:14:01 68
2023-09-30@07:14:01 68
2023-09-30@07:14:01 88
2023-09-30@07:14:01 48
2023-09-30@07:14:02 169
2023-09-30@07:14:02 65
2023-09-30@07:14:02 65
2023-09-30@07:14:02 65
2023-09-30@07:14:02 65
2023-09-30@07:14:02 292
2023-09-30@07:14:02 292
2023-09-30@07:14:02 105
2023-09-30@07:14:02 68
2023-09-30@07:14:02 56
2023-09-30@07:14:03 217
2023-09-30@07:14:03 107
2023-09-30@07:14:03 107
2023-09-30@07:14:03 68
2023-09-30@07:14:03 102
2023-09-30@07:14:03 68
2023-09-30@07:14:04 94
2023-09-30@07:14:04 122
2023-09-30@07:14:04 94
2023-09-30@07:14:04 122
2023-09-30@07:14:04 88
2023-09-30@07:14:04 88
2023-09-30@07:14:04 88
2023-09-30@07:14:04 88
2023-09-30@07:14:04 88
2023-09-30@07:14:04 180
2023-09-30@07:14:04 533
2023-09-30@07:14:04 48
2023-09-30@07:14:04 68
2023-09-30@07:14:04 68
2023-09-30@07:14:04 114
2023-09-30@07:14:04 625
2023-09-30@07:14:04 68
2023-09-30@07:14:04 106
2023-09-30@07:14:04 110
2023-09-30@07:14:04 68
2023-09-30@07:14:05 138
2023-09-30@07:14:05 107
2023-09-30@07:14:05 68
2023-09-30@07:14:05 68
2023-09-30@07:14:05 107
2023-09-30@07:14:05 68
2023-09-30@07:14:05 374
2023-09-30@07:14:05 113
2023-09-30@07:14:05 68
2023-09-30@07:14:05 68
2023-09-30@07:14:05 103
2023-09-30@07:14:05 68
2023-09-30@07:14:05 152
2023-09-30@07:14:05 68
2023-09-30@07:14:05 68
2023-09-30@07:14:05 68
2023-09-30@07:14:05 68
2023-09-30@07:14:05 119
2023-09-30@07:14:05 139
2023-09-30@07:14:05 262
2023-09-30@07:14:05 282
2023-09-30@07:14:06 91
2023-09-30@07:14:06 217
2023-09-30@07:14:06 124
2023-09-30@07:14:06 227
2023-09-30@07:14:06 99
2023-09-30@07:14:06 99
2023-09-30@07:14:06 99
2023-09-30@07:14:06 99
2023-09-30@07:14:06 283
2023-09-30@07:14:06 339
2023-09-30@07:14:06 442
2023-09-30@07:14:06 102
2023-09-30@07:14:06 98
2023-09-30@07:14:06 98
2023-09-30@07:14:06 68
2023-09-30@07:14:06 155
2023-09-30@07:14:06 145
2023-09-30@07:14:06 567
2023-09-30@07:14:06 68
2023-09-30@07:14:06 68
2023-09-30@07:14:06 68
2023-09-30@07:14:06 124
2023-09-30@07:14:06 227
2023-09-30@07:14:06 131
2023-09-30@07:14:06 62
2023-09-30@07:14:06 62
2023-09-30@07:14:06 155
2023-09-30@07:14:06 122
2023-09-30@07:14:06 567
2023-09-30@07:14:06 122
2023-09-30@07:14:06 567
2023-09-30@07:14:06 122
2023-09-30@07:14:06 567
2023-09-30@07:14:06 122
2023-09-30@07:14:06 567
2023-09-30@07:14:06 68
2023-09-30@07:14:06 131
2023-09-30@07:14:06 155
2023-09-30@07:14:06 76
2023-09-30@07:14:06 124
2023-09-30@07:14:06 227
2023-09-30@07:14:06 68
2023-09-30@07:14:06 116
2023-09-30@07:14:06 123
2023-09-30@07:14:06 567
2023-09-30@07:14:06 123
2023-09-30@07:14:06 68
2023-09-30@07:14:06 76
2023-09-30@07:14:06 76
2023-09-30@07:14:06 68
2023-09-30@07:14:06 726
2023-09-30@07:14:06 567
2023-09-30@07:14:06 76
2023-09-30@07:14:06 76
2023-09-30@07:14:06 68
2023-09-30@07:14:06 739
2023-09-30@07:14:06 2883
2023-09-30@07:14:06 68
2023-09-30@07:14:06 132
2023-09-30@07:14:06 238
2023-09-30@07:14:06 831
2023-09-30@07:14:06 76
2023-09-30@07:14:06 68
2023-09-30@07:14:06 68
2023-09-30@07:14:06 68
2023-09-30@07:14:06 4112
2023-09-30@07:14:06 290
2023-09-30@07:14:06 68
2023-09-30@07:14:06 68
2023-09-30@07:14:06 745
2023-09-30@07:14:06 147
2023-09-30@07:14:06 147
2023-09-30@07:14:06 132
2023-09-30@07:14:06 68
2023-09-30@07:14:06 99
2023-09-30@07:14:06 132
2023-09-30@07:14:06 238
2023-09-30@07:14:06 68
2023-09-30@07:14:06 68
2023-09-30@07:14:06 2764
2023-09-30@07:14:06 1656
2023-09-30@07:14:06 68
2023-09-30@07:14:06 68
2023-09-30@07:14:06 68
2023-09-30@07:14:06 68
2023-09-30@07:14:06 68
2023-09-30@07:14:06 127
2023-09-30@07:14:06 99
2023-09-30@07:14:06 132
2023-09-30@07:14:06 238
2023-09-30@07:14:06 68
2023-09-30@07:14:06 68
2023-09-30@07:14:06 68
2023-09-30@07:14:06 127
2023-09-30@07:14:06 99
2023-09-30@07:14:06 68
2023-09-30@07:14:07 3030
2023-09-30@07:14:07 5029
2023-09-30@07:14:07 708
2023-09-30@07:14:07 2916
2023-09-30@07:14:07 1492
2023-09-30@07:14:07 68
2023-09-30@07:14:07 11460
2023-09-30@07:14:07 68
2023-09-30@07:14:07 18580
2023-09-30@07:14:07 68
2023-09-30@07:14:07 22852
2023-09-30@07:14:07 68
2023-09-30@07:14:07 1459
2023-09-30@07:14:07 65
2023-09-30@07:14:07 65
2023-09-30@07:14:07 65
2023-09-30@07:14:07 65
2023-09-30@07:14:07 292
2023-09-30@07:14:07 292
2023-09-30@07:14:07 68
2023-09-30@07:14:07 124
2023-09-30@07:14:07 227
2023-09-30@07:14:07 283
2023-09-30@07:14:07 103
2023-09-30@07:14:07 68
2023-09-30@07:14:07 68
2023-09-30@07:14:07 124
2023-09-30@07:14:07 227
2023-09-30@07:14:07 283
2023-09-30@07:14:07 103
2023-09-30@07:14:07 149
2023-09-30@07:14:07 567
2023-09-30@07:14:07 134
2023-09-30@07:14:07 567
2023-09-30@07:14:07 68
2023-09-30@07:14:07 124
2023-09-30@07:14:07 227
2023-09-30@07:14:07 283
2023-09-30@07:14:07 124
2023-09-30@07:14:07 227
2023-09-30@07:14:07 283
2023-09-30@07:14:07 103
2023-09-30@07:14:07 129
2023-09-30@07:14:07 126
2023-09-30@07:14:07 567
2023-09-30@07:14:07 146
2023-09-30@07:14:07 567
2023-09-30@07:14:07 122
2023-09-30@07:14:07 567
2023-09-30@07:14:07 122
2023-09-30@07:14:07 567
2023-09-30@07:14:07 68
2023-09-30@07:14:07 76
2023-09-30@07:14:07 76
2023-09-30@07:14:07 124
2023-09-30@07:14:07 227
2023-09-30@07:14:07 498
2023-09-30@07:14:07 283
2023-09-30@07:14:07 103
2023-09-30@07:14:07 76
2023-09-30@07:14:07 68
2023-09-30@07:14:07 68
2023-09-30@07:14:07 76
2023-09-30@07:14:07 68
2023-09-30@07:14:07 739
2023-09-30@07:14:07 103
2023-09-30@07:14:07 123
2023-09-30@07:14:07 567
2023-09-30@07:14:07 745
2023-09-30@07:14:07 68
2023-09-30@07:14:07 123
2023-09-30@07:14:07 567
2023-09-30@07:14:07 68
2023-09-30@07:14:07 68
2023-09-30@07:14:07 129
2023-09-30@07:14:07 123
2023-09-30@07:14:07 567
2023-09-30@07:14:07 123
2023-09-30@07:14:07 567
2023-09-30@07:14:07 123
2023-09-30@07:14:07 567
2023-09-30@07:14:07 68
2023-09-30@07:14:07 103
2023-09-30@07:14:07 123
2023-09-30@07:14:07 567
2023-09-30@07:14:07 68
2023-09-30@07:14:07 76
2023-09-30@07:14:07 68
2023-09-30@07:14:07 4112
2023-09-30@07:14:07 290
2023-09-30@07:14:07 68
2023-09-30@07:14:07 68
2023-09-30@07:14:07 132
2023-09-30@07:14:07 238
2023-09-30@07:14:07 68
2023-09-30@07:14:07 2764
2023-09-30@07:14:07 1416
2023-09-30@07:14:07 68
2023-09-30@07:14:07 68
2023-09-30@07:14:07 308
2023-09-30@07:14:07 68
2023-09-30@07:14:07 132
2023-09-30@07:14:07 238
2023-09-30@07:14:07 667
2023-09-30@07:14:07 384
2023-09-30@07:14:07 384
2023-09-30@07:14:07 76
2023-09-30@07:14:07 68
2023-09-30@07:14:07 753
2023-09-30@07:14:07 68
2023-09-30@07:14:07 68
2023-09-30@07:14:07 127
2023-09-30@07:14:07 99
2023-09-30@07:14:07 68
2023-09-30@07:14:07 68
2023-09-30@07:14:07 68
2023-09-30@07:14:07 68
2023-09-30@07:14:07 127
2023-09-30@07:14:07 99
2023-09-30@07:14:07 2244
2023-09-30@07:14:07 1396
2023-09-30@07:14:07 291
2023-09-30@07:14:07 4112
2023-09-30@07:14:07 68
2023-09-30@07:14:07 3456
2023-09-30@07:14:07 3813
2023-09-30@07:14:07 68
2023-09-30@07:14:07 68
2023-09-30@07:14:07 68
2023-09-30@07:14:07 68
2023-09-30@07:14:07 2868
2023-09-30@07:14:07 1823
2023-09-30@07:14:07 68
2023-09-30@07:14:07 68
2023-09-30@07:14:07 1595
2023-09-30@07:14:07 4112
2023-09-30@07:14:07 1416
2023-09-30@07:14:07 68
2023-09-30@07:14:07 68
2023-09-30@07:14:07 664
2023-09-30@07:14:07 2111
2023-09-30@07:14:07 2107
2023-09-30@07:14:07 68
2023-09-30@07:14:07 68
2023-09-30@07:14:07 132
2023-09-30@07:14:07 238
2023-09-30@07:14:07 323
2023-09-30@07:14:07 68
2023-09-30@07:14:07 68
2023-09-30@07:14:07 654
2023-09-30@07:14:07 99
2023-09-30@07:14:07 99
2023-09-30@07:14:07 2563
2023-09-30@07:14:07 68
2023-09-30@07:14:07 445
2023-09-30@07:14:07 428
2023-09-30@07:14:07 107
2023-09-30@07:14:07 68
2023-09-30@07:14:07 107
2023-09-30@07:14:07 68
2023-09-30@07:14:07 68
2023-09-30@07:14:07 124
2023-09-30@07:14:07 227
2023-09-30@07:14:07 713
2023-09-30@07:14:07 103
2023-09-30@07:14:07 68
2023-09-30@07:14:07 129
2023-09-30@07:14:07 123
2023-09-30@07:14:07 567
2023-09-30@07:14:07 123
2023-09-30@07:14:07 567
2023-09-30@07:14:07 123
2023-09-30@07:14:07 567
2023-09-30@07:14:07 68
2023-09-30@07:14:07 123
2023-09-30@07:14:07 567
2023-09-30@07:14:07 68
2023-09-30@07:14:07 76
2023-09-30@07:14:07 76
2023-09-30@07:14:07 76
2023-09-30@07:14:07 76
2023-09-30@07:14:07 68
2023-09-30@07:14:07 68
2023-09-30@07:14:07 1306
2023-09-30@07:14:07 279
2023-09-30@07:14:07 68
2023-09-30@07:14:07 68
2023-09-30@07:14:07 2868
2023-09-30@07:14:07 706
2023-09-30@07:14:07 68
2023-09-30@07:14:07 68
2023-09-30@07:14:07 161
2023-09-30@07:14:07 280
2023-09-30@07:14:07 68
2023-09-30@07:14:07 132
2023-09-30@07:14:07 238
2023-09-30@07:14:07 1364
2023-09-30@07:14:07 124
2023-09-30@07:14:07 227
2023-09-30@07:14:07 498
2023-09-30@07:14:07 276
2023-09-30@07:14:07 249
2023-09-30@07:14:07 213
2023-09-30@07:14:07 245
2023-09-30@07:14:07 202
2023-09-30@07:14:07 177
2023-09-30@07:14:07 68
2023-09-30@07:14:07 363
2023-09-30@07:14:07 137
2023-09-30@07:14:07 68
2023-09-30@07:14:07 654
2023-09-30@07:14:07 99
2023-09-30@07:14:07 68
2023-09-30@07:14:07 99
2023-09-30@07:14:07 262
2023-09-30@07:14:07 218
2023-09-30@07:14:07 540
2023-09-30@07:14:07 99
2023-09-30@07:14:07 129
2023-09-30@07:14:07 123
2023-09-30@07:14:07 567
2023-09-30@07:14:07 68
2023-09-30@07:14:07 123
2023-09-30@07:14:07 567
2023-09-30@07:14:07 123
2023-09-30@07:14:07 567
2023-09-30@07:14:07 68
2023-09-30@07:14:07 76
2023-09-30@07:14:07 68
2023-09-30@07:14:07 68
2023-09-30@07:14:07 106
2023-09-30@07:14:07 68
2023-09-30@07:14:07 56
2023-09-30@07:14:07 124
2023-09-30@07:14:07 227
2023-09-30@07:14:07 498
2023-09-30@07:14:07 76
2023-09-30@07:14:07 68
2023-09-30@07:14:07 68
2023-09-30@07:14:07 56
2023-09-30@07:14:07 736
2023-09-30@07:14:07 68
2023-09-30@07:14:07 68
2023-09-30@07:14:07 129
2023-09-30@07:14:07 123
2023-09-30@07:14:07 567
2023-09-30@07:14:07 123
2023-09-30@07:14:07 567
2023-09-30@07:14:07 123
2023-09-30@07:14:07 68
2023-09-30@07:14:07 567
2023-09-30@07:14:07 76
2023-09-30@07:14:07 4130
2023-09-30@07:14:07 68
2023-09-30@07:14:07 76
2023-09-30@07:14:07 68
2023-09-30@07:14:07 3100
2023-09-30@07:14:07 3020
2023-09-30@07:14:07 68
2023-09-30@07:14:07 68
2023-09-30@07:14:07 730
2023-09-30@07:14:07 132
2023-09-30@07:14:07 238
2023-09-30@07:14:07 462
2023-09-30@07:14:07 1096
2023-09-30@07:14:07 1290
2023-09-30@07:14:07 2956
2023-09-30@07:14:07 3100
2023-09-30@07:14:07 68
2023-09-30@07:14:07 68
2023-09-30@07:14:07 68
2023-09-30@07:14:07 147
2023-09-30@07:14:07 147
2023-09-30@07:14:07 132
2023-09-30@07:14:07 2881
2023-09-30@07:14:07 68
2023-09-30@07:14:07 68
2023-09-30@07:14:07 99
2023-09-30@07:14:07 68
2023-09-30@07:14:07 3977
2023-09-30@07:14:07 68
2023-09-30@07:14:07 68
2023-09-30@07:14:07 129
2023-09-30@07:14:07 596
2023-09-30@07:14:07 68
2023-09-30@07:14:07 595
2023-09-30@07:14:07 517
2023-09-30@07:14:07 258
2023-09-30@07:14:07 332
2023-09-30@07:14:07 107
2023-09-30@07:14:07 68
2023-09-30@07:14:07 107
2023-09-30@07:14:07 132
2023-09-30@07:14:07 238
2023-09-30@07:14:07 464
2023-09-30@07:14:07 7188
2023-09-30@07:14:07 2916
2023-09-30@07:14:07 68
2023-09-30@07:14:07 147
2023-09-30@07:14:07 147
2023-09-30@07:14:07 132
2023-09-30@07:14:07 68
2023-09-30@07:14:07 5764
2023-09-30@07:14:07 68
2023-09-30@07:14:07 68
2023-09-30@07:14:07 68
2023-09-30@07:14:07 68
2023-09-30@07:14:07 68
2023-09-30@07:14:07 68
2023-09-30@07:14:07 68
2023-09-30@07:14:07 68
2023-09-30@07:14:07 5764
2023-09-30@07:14:07 8612
2023-09-30@07:14:07 8612
2023-09-30@07:14:07 68
2023-09-30@07:14:07 82
2023-09-30@07:14:07 3031
2023-09-30@07:14:07 68
2023-09-30@07:14:07 68
2023-09-30@07:14:07 68
2023-09-30@07:14:07 68
2023-09-30@07:14:07 116
2023-09-30@07:14:07 68
2023-09-30@07:14:07 68
2023-09-30@07:14:07 68
2023-09-30@07:14:07 68
2023-09-30@07:14:07 68
2023-09-30@07:14:07 116
2023-09-30@07:14:07 68
2023-09-30@07:14:07 68
2023-09-30@07:14:07 116
2023-09-30@07:14:07 68
2023-09-30@07:14:07 136
2023-09-30@07:14:07 222
2023-09-30@07:14:07 185
2023-09-30@07:14:07 107
2023-09-30@07:14:07 68
2023-09-30@07:14:07 107
2023-09-30@07:14:07 68
2023-09-30@07:14:07 68
2023-09-30@07:14:07 1038
2023-09-30@07:14:07 68
2023-09-30@07:14:07 102
2023-09-30@07:14:07 98
2023-09-30@07:14:07 62
2023-09-30@07:14:07 68
2023-09-30@07:14:07 68
2023-09-30@07:14:08 68
2023-09-30@07:14:08 68
2023-09-30@07:14:08 102
2023-09-30@07:14:08 98
2023-09-30@07:14:08 98
2023-09-30@07:14:08 62
2023-09-30@07:14:08 62
2023-09-30@07:14:09 217
2023-09-30@07:14:09 98
2023-09-30@07:14:09 68
2023-09-30@07:14:09 94
2023-09-30@07:14:09 68
2023-09-30@07:14:09 145
2023-09-30@07:14:09 384
2023-09-30@07:14:09 68
2023-09-30@07:14:09 68
2023-09-30@07:14:10 92
2023-09-30@07:14:10 68
2023-09-30@07:14:10 96
2023-09-30@07:14:10 68
2023-09-30@07:14:12 169
2023-09-30@07:14:12 65
2023-09-30@07:14:12 65
2023-09-30@07:14:12 65
2023-09-30@07:14:12 65
2023-09-30@07:14:12 292
2023-09-30@07:14:12 292
2023-09-30@07:14:12 217
2023-09-30@07:14:12 2936
2023-09-30@07:14:12 1672
2023-09-30@07:14:12 424
2023-09-30@07:14:12 62
2023-09-30@07:14:12 62
2023-09-30@07:14:12 62
2023-09-30@07:14:12 239
2023-09-30@07:14:12 56
2023-09-30@07:14:13 102
2023-09-30@07:14:13 68
2023-09-30@07:14:15 217
2023-09-30@07:14:15 130
2023-09-30@07:14:15 131
2023-09-30@07:14:15 68
2023-09-30@07:14:15 68
2023-09-30@07:14:15 68
2023-09-30@07:14:16 424
2023-09-30@07:14:16 433
2023-09-30@07:14:16 496
2023-09-30@07:14:16 492
2023-09-30@07:14:16 472
2023-09-30@07:14:16 504
2023-09-30@07:14:16 486
2023-09-30@07:14:16 488
2023-09-30@07:14:16 488
2023-09-30@07:14:16 88
2023-09-30@07:14:16 88
2023-09-30@07:14:16 88
2023-09-30@07:14:16 88
2023-09-30@07:14:16 88
2023-09-30@07:14:16 88
2023-09-30@07:14:16 93
2023-09-30@07:14:16 97
2023-09-30@07:14:16 68
2023-09-30@07:14:17 65
2023-09-30@07:14:17 65
2023-09-30@07:14:17 65
2023-09-30@07:14:17 65
2023-09-30@07:14:17 292
2023-09-30@07:14:17 292
2023-09-30@07:14:18 68
2023-09-30@07:14:18 68
2023-09-30@07:14:18 217
2023-09-30@07:14:19 211
2023-09-30@07:14:19 145
2023-09-30@07:14:19 384
2023-09-30@07:14:19 68
2023-09-30@07:14:19 68
2023-09-30@07:14:20 406
2023-09-30@07:14:20 211
2023-09-30@07:14:20 406
2023-09-30@07:14:20 207
2023-09-30@07:14:20 227
2023-09-30@07:14:20 277
2023-09-30@07:14:20 297
2023-09-30@07:14:21 276
2023-09-30@07:14:21 296
2023-09-30@07:14:21 211
2023-09-30@07:14:21 217
2023-09-30@07:14:21 406
2023-09-30@07:14:21 102
2023-09-30@07:14:21 98
2023-09-30@07:14:21 98
2023-09-30@07:14:21 62
2023-09-30@07:14:21 62
2023-09-30@07:14:21 189
2023-09-30@07:14:21 209
2023-09-30@07:14:22 185
2023-09-30@07:14:22 183
2023-09-30@07:14:22 203
2023-09-30@07:14:22 286
2023-09-30@07:14:22 306
2023-09-30@07:14:22 169
2023-09-30@07:14:22 284
2023-09-30@07:14:22 304
2023-09-30@07:14:22 65
2023-09-30@07:14:22 65
2023-09-30@07:14:22 65
2023-09-30@07:14:22 65
2023-09-30@07:14:22 292
2023-09-30@07:14:22 292
2023-09-30@07:14:22 211
2023-09-30@07:14:22 185
2023-09-30@07:14:22 185
2023-09-30@07:14:22 205
2023-09-30@07:14:22 183
2023-09-30@07:14:22 105
2023-09-30@07:14:22 406
2023-09-30@07:14:22 310
2023-09-30@07:14:22 330
2023-09-30@07:14:22 308
2023-09-30@07:14:22 328
2023-09-30@07:14:22 102
2023-09-30@07:14:22 98
2023-09-30@07:14:22 62
2023-09-30@07:14:23 286
2023-09-30@07:14:23 306
2023-09-30@07:14:23 284
2023-09-30@07:14:23 304
2023-09-30@07:14:23 310
2023-09-30@07:14:23 330
2023-09-30@07:14:23 308
2023-09-30@07:14:23 328
2023-09-30@07:14:23 102
2023-09-30@07:14:23 68
2023-09-30@07:14:23 102
2023-09-30@07:14:23 56
2023-09-30@07:14:23 98
2023-09-30@07:14:23 98
2023-09-30@07:14:23 62
2023-09-30@07:14:23 62
2023-09-30@07:14:24 217
2023-09-30@07:14:24 5031
2023-09-30@07:14:24 424
2023-09-30@07:14:24 62
2023-09-30@07:14:24 62
2023-09-30@07:14:24 62
2023-09-30@07:14:24 62
2023-09-30@07:14:24 62
2023-09-30@07:14:24 189
2023-09-30@07:14:24 363
2023-09-30@07:14:24 56
2023-09-30@07:14:25 505
2023-09-30@07:14:25 525
2023-09-30@07:14:25 503
2023-09-30@07:14:25 523
2023-09-30@07:14:25 44
2023-09-30@07:14:25 44
2023-09-30@07:14:25 68
2023-09-30@07:14:25 68
2023-09-30@07:14:26 68
2023-09-30@07:14:26 68
2023-09-30@07:14:26 88
2023-09-30@07:14:26 88
2023-09-30@07:14:26 88
2023-09-30@07:14:26 88
2023-09-30@07:14:26 88
2023-09-30@07:14:26 88
2023-09-30@07:14:26 88
2023-09-30@07:14:26 88
2023-09-30@07:14:26 88
2023-09-30@07:14:27 65
2023-09-30@07:14:27 65
2023-09-30@07:14:27 65
2023-09-30@07:14:27 65
2023-09-30@07:14:27 292
2023-09-30@07:14:27 292
2023-09-30@07:14:27 217
2023-09-30@07:14:27 130
2023-09-30@07:14:27 131
2023-09-30@07:14:27 68
2023-09-30@07:14:28 44
2023-09-30@07:14:28 364
2023-09-30@07:14:28 384
2023-09-30@07:14:28 530
2023-09-30@07:14:28 550
2023-09-30@07:14:28 161
2023-09-30@07:14:28 181
2023-09-30@07:14:28 44
2023-09-30@07:14:28 118
2023-09-30@07:14:28 138
2023-09-30@07:14:28 48
2023-09-30@07:14:28 353
2023-09-30@07:14:28 373
2023-09-30@07:14:28 211
2023-09-30@07:14:28 231
2023-09-30@07:14:28 5110
2023-09-30@07:14:28 424
2023-09-30@07:14:28 62
2023-09-30@07:14:28 62
2023-09-30@07:14:28 62
2023-09-30@07:14:28 247
2023-09-30@07:14:28 267
2023-09-30@07:14:28 190
2023-09-30@07:14:28 210
2023-09-30@07:14:28 370
2023-09-30@07:14:28 163
2023-09-30@07:14:28 183
2023-09-30@07:14:28 2405
2023-09-30@07:14:28 56
2023-09-30@07:14:28 247
2023-09-30@07:14:28 267
2023-09-30@07:14:28 62
2023-09-30@07:14:29 190
2023-09-30@07:14:29 312
2023-09-30@07:14:29 44
2023-09-30@07:14:29 232
2023-09-30@07:14:29 252
2023-09-30@07:14:29 870
2023-09-30@07:14:29 890
2023-09-30@07:14:29 48
2023-09-30@07:14:29 190
2023-09-30@07:14:29 210
2023-09-30@07:14:29 435
2023-09-30@07:14:29 455
2023-09-30@07:14:29 505
2023-09-30@07:14:29 525
2023-09-30@07:14:29 68
2023-09-30@07:14:29 56
2023-09-30@07:14:29 68
2023-09-30@07:14:29 68
2023-09-30@07:14:29 68
2023-09-30@07:14:29 56
2023-09-30@07:14:29 768
2023-09-30@07:14:29 788
2023-09-30@07:14:29 232
2023-09-30@07:14:29 252
2023-09-30@07:14:29 204
2023-09-30@07:14:29 117
2023-09-30@07:14:29 137
2023-09-30@07:14:29 353
2023-09-30@07:14:29 373
2023-09-30@07:14:29 145
2023-09-30@07:14:29 384
2023-09-30@07:14:29 117
2023-09-30@07:14:29 137
2023-09-30@07:14:29 503
2023-09-30@07:14:29 523
2023-09-30@07:14:29 113
2023-09-30@07:14:29 133
2023-09-30@07:14:29 232
2023-09-30@07:14:29 252
2023-09-30@07:14:29 382
2023-09-30@07:14:29 402
2023-09-30@07:14:29 429
2023-09-30@07:14:29 449
2023-09-30@07:14:30 68
2023-09-30@07:14:30 68
2023-09-30@07:14:30 962
2023-09-30@07:14:30 982
2023-09-30@07:14:30 217
2023-09-30@07:14:30 429
2023-09-30@07:14:30 449
2023-09-30@07:14:31 1265
2023-09-30@07:14:31 1285
2023-09-30@07:14:31 353
2023-09-30@07:14:31 373
2023-09-30@07:14:32 169
2023-09-30@07:14:32 65
2023-09-30@07:14:32 65
2023-09-30@07:14:32 65
2023-09-30@07:14:32 65
2023-09-30@07:14:32 292
2023-09-30@07:14:32 292
2023-09-30@07:14:32 879
2023-09-30@07:14:32 899
2023-09-30@07:14:32 44
2023-09-30@07:14:32 382
2023-09-30@07:14:32 402
2023-09-30@07:14:32 201
2023-09-30@07:14:32 221
2023-09-30@07:14:33 429
2023-09-30@07:14:33 449
2023-09-30@07:14:33 44
2023-09-30@07:14:33 107
2023-09-30@07:14:33 103
2023-09-30@07:14:33 103
2023-09-30@07:14:33 68
2023-09-30@07:14:33 68
2023-09-30@07:14:33 217
2023-09-30@07:14:33 102
2023-09-30@07:14:33 68
2023-09-30@07:14:34 180
2023-09-30@07:14:34 533
2023-09-30@07:14:34 44
2023-09-30@07:14:34 68
2023-09-30@07:14:34 68
2023-09-30@07:14:34 114
2023-09-30@07:14:34 626
2023-09-30@07:14:34 106
2023-09-30@07:14:34 68
2023-09-30@07:14:34 110
2023-09-30@07:14:34 68
2023-09-30@07:14:35 681
2023-09-30@07:14:35 701
2023-09-30@07:14:35 44
2023-09-30@07:14:36 68
2023-09-30@07:14:36 68
2023-09-30@07:14:36 68
2023-09-30@07:14:36 68
2023-09-30@07:14:36 102
2023-09-30@07:14:36 270
2023-09-30@07:14:36 44
2023-09-30@07:14:36 217
2023-09-30@07:14:36 102
2023-09-30@07:14:36 56
2023-09-30@07:14:36 98
2023-09-30@07:14:36 98
2023-09-30@07:14:36 62
2023-09-30@07:14:36 62
2023-09-30@07:14:37 65
2023-09-30@07:14:37 65
2023-09-30@07:14:37 65
2023-09-30@07:14:37 65
2023-09-30@07:14:37 292
2023-09-30@07:14:37 292
2023-09-30@07:14:37 102
2023-09-30@07:14:37 98
2023-09-30@07:14:37 62
2023-09-30@07:14:38 68
2023-09-30@07:14:38 68
2023-09-30@07:14:38 183
2023-09-30@07:14:38 203
2023-09-30@07:14:38 44
2023-09-30@07:14:38 44
2023-09-30@07:14:38 102
2023-09-30@07:14:38 98
2023-09-30@07:14:38 98
2023-09-30@07:14:39 62
2023-09-30@07:14:39 62
2023-09-30@07:14:39 145
2023-09-30@07:14:39 384
2023-09-30@07:14:39 217
2023-09-30@07:14:40 68
2023-09-30@07:14:40 68
2023-09-30@07:14:41 68
2023-09-30@07:14:41 68
2023-09-30@07:14:42 169
2023-09-30@07:14:42 65
2023-09-30@07:14:42 65
2023-09-30@07:14:42 65
2023-09-30@07:14:42 65
2023-09-30@07:14:42 292
2023-09-30@07:14:42 292
2023-09-30@07:14:42 136
2023-09-30@07:14:42 152
2023-09-30@07:14:42 105
2023-09-30@07:14:42 44
2023-09-30@07:14:42 217
2023-09-30@07:14:43 152
2023-09-30@07:14:43 89
2023-09-30@07:14:43 89
2023-09-30@07:14:43 89
2023-09-30@07:14:43 89
2023-09-30@07:14:43 153
2023-09-30@07:14:43 153
2023-09-30@07:14:43 153
2023-09-30@07:14:43 153
2023-09-30@07:14:43 76
2023-09-30@07:14:43 76
2023-09-30@07:14:43 68
2023-09-30@07:14:43 332
2023-09-30@07:14:43 102
2023-09-30@07:14:43 68
2023-09-30@07:14:43 2964
2023-09-30@07:14:43 725
2023-09-30@07:14:43 68
2023-09-30@07:14:43 68
2023-09-30@07:14:43 148
2023-09-30@07:14:43 1276
2023-09-30@07:14:43 2111
2023-09-30@07:14:44 68
2023-09-30@07:14:44 147
2023-09-30@07:14:44 147
2023-09-30@07:14:44 68
2023-09-30@07:14:44 298
2023-09-30@07:14:44 92
2023-09-30@07:14:44 68
2023-09-30@07:14:44 92
2023-09-30@07:14:44 68
2023-09-30@07:14:44 56
2023-09-30@07:14:44 89
2023-09-30@07:14:44 89
2023-09-30@07:14:44 153
2023-09-30@07:14:44 89
2023-09-30@07:14:44 153
2023-09-30@07:14:44 153
2023-09-30@07:14:44 76
2023-09-30@07:14:44 76
2023-09-30@07:14:44 68
2023-09-30@07:14:44 332
2023-09-30@07:14:44 2964
2023-09-30@07:14:44 725
2023-09-30@07:14:44 68
2023-09-30@07:14:44 68
2023-09-30@07:14:44 148
2023-09-30@07:14:44 1276
2023-09-30@07:14:44 2111
2023-09-30@07:14:45 68
2023-09-30@07:14:45 147
2023-09-30@07:14:45 147
2023-09-30@07:14:45 298
2023-09-30@07:14:45 92
2023-09-30@07:14:45 68
2023-09-30@07:14:45 92
2023-09-30@07:14:45 68
2023-09-30@07:14:45 56
2023-09-30@07:14:45 56
2023-09-30@07:14:45 130
2023-09-30@07:14:45 131
2023-09-30@07:14:45 68
2023-09-30@07:14:45 68
2023-09-30@07:14:45 56
2023-09-30@07:14:45 68
2023-09-30@07:14:45 56
2023-09-30@07:14:46 424
2023-09-30@07:14:46 433
2023-09-30@07:14:46 496
2023-09-30@07:14:46 472
2023-09-30@07:14:46 504
2023-09-30@07:14:46 486
2023-09-30@07:14:46 488
2023-09-30@07:14:46 488
2023-09-30@07:14:46 217
2023-09-30@07:14:46 68
2023-09-30@07:14:46 68
2023-09-30@07:14:46 88
2023-09-30@07:14:46 88
2023-09-30@07:14:46 115
2023-09-30@07:14:46 121
2023-09-30@07:14:46 121
2023-09-30@07:14:47 65
2023-09-30@07:14:47 65
2023-09-30@07:14:47 65
2023-09-30@07:14:47 65
2023-09-30@07:14:47 292
2023-09-30@07:14:47 292
2023-09-30@07:14:48 68
2023-09-30@07:14:48 68
2023-09-30@07:14:48 87
2023-09-30@07:14:48 87
2023-09-30@07:14:48 103
2023-09-30@07:14:48 87
2023-09-30@07:14:48 115
2023-09-30@07:14:48 115
2023-09-30@07:14:49 217
2023-09-30@07:14:49 145
2023-09-30@07:14:49 384
2023-09-30@07:14:50 68
2023-09-30@07:14:50 68
2023-09-30@07:14:51 102
2023-09-30@07:14:51 98
2023-09-30@07:14:51 98
2023-09-30@07:14:51 62
2023-09-30@07:14:51 62
2023-09-30@07:14:52 217
2023-09-30@07:14:52 169
2023-09-30@07:14:52 65
2023-09-30@07:14:52 65
2023-09-30@07:14:52 65
2023-09-30@07:14:52 65
2023-09-30@07:14:52 292
2023-09-30@07:14:52 292
2023-09-30@07:14:52 102
2023-09-30@07:14:52 98
2023-09-30@07:14:52 62
2023-09-30@07:14:53 44
2023-09-30@07:14:53 102
2023-09-30@07:14:53 68
2023-09-30@07:14:53 68
2023-09-30@07:14:53 102
2023-09-30@07:14:53 98
2023-09-30@07:14:53 98
2023-09-30@07:14:53 68
2023-09-30@07:14:53 62
2023-09-30@07:14:53 62
2023-09-30@07:14:54 44
2023-09-30@07:14:54 44
2023-09-30@07:14:55 217
2023-09-30@07:14:55 77
2023-09-30@07:14:55 77
2023-09-30@07:14:55 88
2023-09-30@07:14:55 88
2023-09-30@07:14:55 104
