Determining if the include file bitypes.h exists failed with the following output:
Change Dir: /home/wasp/Code/Bandwidth-Monitor/build/CMakeFiles/CMakeTmp

Run Build Command(s):/usr/bin/gmake -f Makefile cmTC_01540/fast && /usr/bin/gmake  -f CMakeFiles/cmTC_01540.dir/build.make CMakeFiles/cmTC_01540.dir/build
gmake[1]: Entering directory '/home/wasp/Code/Bandwidth-Monitor/build/CMakeFiles/CMakeTmp'
Building C object CMakeFiles/cmTC_01540.dir/CheckIncludeFile.c.o
/usr/bin/cc    -o CMakeFiles/cmTC_01540.dir/CheckIncludeFile.c.o -c /home/wasp/Code/Bandwidth-Monitor/build/CMakeFiles/CMakeTmp/CheckIncludeFile.c
/home/wasp/Code/Bandwidth-Monitor/build/CMakeFiles/CMakeTmp/CheckIncludeFile.c:1:10: fatal error: bitypes.h: No such file or directory
    1 | #include <bitypes.h>
      |          ^~~~~~~~~~~
compilation terminated.
gmake[1]: *** [CMakeFiles/cmTC_01540.dir/build.make:78: CMakeFiles/cmTC_01540.dir/CheckIncludeFile.c.o] Error 1
gmake[1]: Leaving directory '/home/wasp/Code/Bandwidth-Monitor/build/CMakeFiles/CMakeTmp'
gmake: *** [Makefile:127: cmTC_01540/fast] Error 2



Determining if the include file sys/ioccom.h exists failed with the following output:
Change Dir: /home/wasp/Code/Bandwidth-Monitor/build/CMakeFiles/CMakeTmp

Run Build Command(s):/usr/bin/gmake -f Makefile cmTC_fbf8b/fast && /usr/bin/gmake  -f CMakeFiles/cmTC_fbf8b.dir/build.make CMakeFiles/cmTC_fbf8b.dir/build
gmake[1]: Entering directory '/home/wasp/Code/Bandwidth-Monitor/build/CMakeFiles/CMakeTmp'
Building C object CMakeFiles/cmTC_fbf8b.dir/CheckIncludeFile.c.o
/usr/bin/cc    -o CMakeFiles/cmTC_fbf8b.dir/CheckIncludeFile.c.o -c /home/wasp/Code/Bandwidth-Monitor/build/CMakeFiles/CMakeTmp/CheckIncludeFile.c
/home/wasp/Code/Bandwidth-Monitor/build/CMakeFiles/CMakeTmp/CheckIncludeFile.c:1:10: fatal error: sys/ioccom.h: No such file or directory
    1 | #include <sys/ioccom.h>
      |          ^~~~~~~~~~~~~~
compilation terminated.
gmake[1]: *** [CMakeFiles/cmTC_fbf8b.dir/build.make:78: CMakeFiles/cmTC_fbf8b.dir/CheckIncludeFile.c.o] Error 1
gmake[1]: Leaving directory '/home/wasp/Code/Bandwidth-Monitor/build/CMakeFiles/CMakeTmp'
gmake: *** [Makefile:127: cmTC_fbf8b/fast] Error 2



Determining if the include file sys/sockio.h exists failed with the following output:
Change Dir: /home/wasp/Code/Bandwidth-Monitor/build/CMakeFiles/CMakeTmp

Run Build Command(s):/usr/bin/gmake -f Makefile cmTC_9e5d2/fast && /usr/bin/gmake  -f CMakeFiles/cmTC_9e5d2.dir/build.make CMakeFiles/cmTC_9e5d2.dir/build
gmake[1]: Entering directory '/home/wasp/Code/Bandwidth-Monitor/build/CMakeFiles/CMakeTmp'
Building C object CMakeFiles/cmTC_9e5d2.dir/CheckIncludeFile.c.o
/usr/bin/cc    -o CMakeFiles/cmTC_9e5d2.dir/CheckIncludeFile.c.o -c /home/wasp/Code/Bandwidth-Monitor/build/CMakeFiles/CMakeTmp/CheckIncludeFile.c
/home/wasp/Code/Bandwidth-Monitor/build/CMakeFiles/CMakeTmp/CheckIncludeFile.c:1:10: fatal error: sys/sockio.h: No such file or directory
    1 | #include <sys/sockio.h>
      |          ^~~~~~~~~~~~~~
compilation terminated.
gmake[1]: *** [CMakeFiles/cmTC_9e5d2.dir/build.make:78: CMakeFiles/cmTC_9e5d2.dir/CheckIncludeFile.c.o] Error 1
gmake[1]: Leaving directory '/home/wasp/Code/Bandwidth-Monitor/build/CMakeFiles/CMakeTmp'
gmake: *** [Makefile:127: cmTC_9e5d2/fast] Error 2



Determining if the function strlcpy exists failed with the following output:
Change Dir: /home/wasp/Code/Bandwidth-Monitor/build/CMakeFiles/CMakeTmp

Run Build Command(s):/usr/bin/gmake -f Makefile cmTC_83b16/fast && /usr/bin/gmake  -f CMakeFiles/cmTC_83b16.dir/build.make CMakeFiles/cmTC_83b16.dir/build
gmake[1]: Entering directory '/home/wasp/Code/Bandwidth-Monitor/build/CMakeFiles/CMakeTmp'
Building C object CMakeFiles/cmTC_83b16.dir/CheckFunctionExists.c.o
/usr/bin/cc   -DCHECK_FUNCTION_EXISTS=strlcpy -o CMakeFiles/cmTC_83b16.dir/CheckFunctionExists.c.o -c /usr/share/cmake-3.22/Modules/CheckFunctionExists.c
Linking C executable cmTC_83b16
/usr/bin/cmake -E cmake_link_script CMakeFiles/cmTC_83b16.dir/link.txt --verbose=1
/usr/bin/cc  -DCHECK_FUNCTION_EXISTS=strlcpy -rdynamic CMakeFiles/cmTC_83b16.dir/CheckFunctionExists.c.o -o cmTC_83b16 
/usr/bin/ld: CMakeFiles/cmTC_83b16.dir/CheckFunctionExists.c.o: in function `main':
CheckFunctionExists.c:(.text+0x14): undefined reference to `strlcpy'
collect2: error: ld returned 1 exit status
gmake[1]: *** [CMakeFiles/cmTC_83b16.dir/build.make:99: cmTC_83b16] Error 1
gmake[1]: Leaving directory '/home/wasp/Code/Bandwidth-Monitor/build/CMakeFiles/CMakeTmp'
gmake: *** [Makefile:127: cmTC_83b16/fast] Error 2



Determining if the function strlcat exists failed with the following output:
Change Dir: /home/wasp/Code/Bandwidth-Monitor/build/CMakeFiles/CMakeTmp

Run Build Command(s):/usr/bin/gmake -f Makefile cmTC_622fc/fast && /usr/bin/gmake  -f CMakeFiles/cmTC_622fc.dir/build.make CMakeFiles/cmTC_622fc.dir/build
gmake[1]: Entering directory '/home/wasp/Code/Bandwidth-Monitor/build/CMakeFiles/CMakeTmp'
Building C object CMakeFiles/cmTC_622fc.dir/CheckFunctionExists.c.o
/usr/bin/cc   -DCHECK_FUNCTION_EXISTS=strlcat -o CMakeFiles/cmTC_622fc.dir/CheckFunctionExists.c.o -c /usr/share/cmake-3.22/Modules/CheckFunctionExists.c
Linking C executable cmTC_622fc
/usr/bin/cmake -E cmake_link_script CMakeFiles/cmTC_622fc.dir/link.txt --verbose=1
/usr/bin/cc  -DCHECK_FUNCTION_EXISTS=strlcat -rdynamic CMakeFiles/cmTC_622fc.dir/CheckFunctionExists.c.o -o cmTC_622fc 
/usr/bin/ld: CMakeFiles/cmTC_622fc.dir/CheckFunctionExists.c.o: in function `main':
CheckFunctionExists.c:(.text+0x14): undefined reference to `strlcat'
collect2: error: ld returned 1 exit status
gmake[1]: *** [CMakeFiles/cmTC_622fc.dir/build.make:99: cmTC_622fc] Error 1
gmake[1]: Leaving directory '/home/wasp/Code/Bandwidth-Monitor/build/CMakeFiles/CMakeTmp'
gmake: *** [Makefile:127: cmTC_622fc/fast] Error 2



Determining if the function putmsg exists failed with the following output:
Change Dir: /home/wasp/Code/Bandwidth-Monitor/build/CMakeFiles/CMakeTmp

Run Build Command(s):/usr/bin/gmake -f Makefile cmTC_780b8/fast && /usr/bin/gmake  -f CMakeFiles/cmTC_780b8.dir/build.make CMakeFiles/cmTC_780b8.dir/build
gmake[1]: Entering directory '/home/wasp/Code/Bandwidth-Monitor/build/CMakeFiles/CMakeTmp'
Building C object CMakeFiles/cmTC_780b8.dir/CheckFunctionExists.c.o
/usr/bin/cc   -DCHECK_FUNCTION_EXISTS=putmsg -o CMakeFiles/cmTC_780b8.dir/CheckFunctionExists.c.o -c /usr/share/cmake-3.22/Modules/CheckFunctionExists.c
Linking C executable cmTC_780b8
/usr/bin/cmake -E cmake_link_script CMakeFiles/cmTC_780b8.dir/link.txt --verbose=1
/usr/bin/cc  -DCHECK_FUNCTION_EXISTS=putmsg -rdynamic CMakeFiles/cmTC_780b8.dir/CheckFunctionExists.c.o -o cmTC_780b8 
/usr/bin/ld: CMakeFiles/cmTC_780b8.dir/CheckFunctionExists.c.o: in function `main':
CheckFunctionExists.c:(.text+0x14): undefined reference to `putmsg'
collect2: error: ld returned 1 exit status
gmake[1]: *** [CMakeFiles/cmTC_780b8.dir/build.make:99: cmTC_780b8] Error 1
gmake[1]: Leaving directory '/home/wasp/Code/Bandwidth-Monitor/build/CMakeFiles/CMakeTmp'
gmake: *** [Makefile:127: cmTC_780b8/fast] Error 2



Determining if the function putmsg exists in the str failed with the following output:
Change Dir: /home/wasp/Code/Bandwidth-Monitor/build/CMakeFiles/CMakeTmp

Run Build Command(s):/usr/bin/gmake -f Makefile cmTC_4dbd5/fast && /usr/bin/gmake  -f CMakeFiles/cmTC_4dbd5.dir/build.make CMakeFiles/cmTC_4dbd5.dir/build
gmake[1]: Entering directory '/home/wasp/Code/Bandwidth-Monitor/build/CMakeFiles/CMakeTmp'
Building C object CMakeFiles/cmTC_4dbd5.dir/CheckFunctionExists.c.o
/usr/bin/cc   -DCHECK_FUNCTION_EXISTS=putmsg -o CMakeFiles/cmTC_4dbd5.dir/CheckFunctionExists.c.o -c /usr/share/cmake-3.22/Modules/CheckFunctionExists.c
Linking C executable cmTC_4dbd5
/usr/bin/cmake -E cmake_link_script CMakeFiles/cmTC_4dbd5.dir/link.txt --verbose=1
/usr/bin/cc  -DCHECK_FUNCTION_EXISTS=putmsg -rdynamic CMakeFiles/cmTC_4dbd5.dir/CheckFunctionExists.c.o -o cmTC_4dbd5  -lstr 
/usr/bin/ld: cannot find -lstr: No such file or directory
collect2: error: ld returned 1 exit status
gmake[1]: *** [CMakeFiles/cmTC_4dbd5.dir/build.make:99: cmTC_4dbd5] Error 1
gmake[1]: Leaving directory '/home/wasp/Code/Bandwidth-Monitor/build/CMakeFiles/CMakeTmp'
gmake: *** [Makefile:127: cmTC_4dbd5/fast] Error 2



Performing C SOURCE FILE Test HAVE_STRUCT_SOCKADDR_SA_LEN failed with the following output:
Change Dir: /home/wasp/Code/Bandwidth-Monitor/build/CMakeFiles/CMakeTmp

Run Build Command(s):/usr/bin/gmake -f Makefile cmTC_b5613/fast && /usr/bin/gmake  -f CMakeFiles/cmTC_b5613.dir/build.make CMakeFiles/cmTC_b5613.dir/build
gmake[1]: Entering directory '/home/wasp/Code/Bandwidth-Monitor/build/CMakeFiles/CMakeTmp'
Building C object CMakeFiles/cmTC_b5613.dir/src.c.o
/usr/bin/cc -DHAVE_STRUCT_SOCKADDR_SA_LEN   -o CMakeFiles/cmTC_b5613.dir/src.c.o -c /home/wasp/Code/Bandwidth-Monitor/build/CMakeFiles/CMakeTmp/src.c
/home/wasp/Code/Bandwidth-Monitor/build/CMakeFiles/CMakeTmp/src.c: In function ‘main’:
/home/wasp/Code/Bandwidth-Monitor/build/CMakeFiles/CMakeTmp/src.c:6:38: error: ‘struct sockaddr’ has no member named ‘sa_len’
    6 |   (void)sizeof(((struct sockaddr *)0)->sa_len);
      |                                      ^~
gmake[1]: *** [CMakeFiles/cmTC_b5613.dir/build.make:78: CMakeFiles/cmTC_b5613.dir/src.c.o] Error 1
gmake[1]: Leaving directory '/home/wasp/Code/Bandwidth-Monitor/build/CMakeFiles/CMakeTmp'
gmake: *** [Makefile:127: cmTC_b5613/fast] Error 2


Source file was:

#include <sys/socket.h>

int main()
{
  (void)sizeof(((struct sockaddr *)0)->sa_len);
  return 0;
}

Determining if the ether_hostton exist failed with the following output:
Change Dir: /home/wasp/Code/Bandwidth-Monitor/build/CMakeFiles/CMakeTmp

Run Build Command(s):/usr/bin/gmake -f Makefile cmTC_2e773/fast && /usr/bin/gmake  -f CMakeFiles/cmTC_2e773.dir/build.make CMakeFiles/cmTC_2e773.dir/build
gmake[1]: Entering directory '/home/wasp/Code/Bandwidth-Monitor/build/CMakeFiles/CMakeTmp'
Building C object CMakeFiles/cmTC_2e773.dir/CheckSymbolExists.c.o
/usr/bin/cc    -o CMakeFiles/cmTC_2e773.dir/CheckSymbolExists.c.o -c /home/wasp/Code/Bandwidth-Monitor/build/CMakeFiles/CMakeTmp/CheckSymbolExists.c
/home/wasp/Code/Bandwidth-Monitor/build/CMakeFiles/CMakeTmp/CheckSymbolExists.c: In function ‘main’:
/home/wasp/Code/Bandwidth-Monitor/build/CMakeFiles/CMakeTmp/CheckSymbolExists.c:8:19: error: ‘ether_hostton’ undeclared (first use in this function)
    8 |   return ((int*)(&ether_hostton))[argc];
      |                   ^~~~~~~~~~~~~
/home/wasp/Code/Bandwidth-Monitor/build/CMakeFiles/CMakeTmp/CheckSymbolExists.c:8:19: note: each undeclared identifier is reported only once for each function it appears in
gmake[1]: *** [CMakeFiles/cmTC_2e773.dir/build.make:78: CMakeFiles/cmTC_2e773.dir/CheckSymbolExists.c.o] Error 1
gmake[1]: Leaving directory '/home/wasp/Code/Bandwidth-Monitor/build/CMakeFiles/CMakeTmp'
gmake: *** [Makefile:127: cmTC_2e773/fast] Error 2


File /home/wasp/Code/Bandwidth-Monitor/build/CMakeFiles/CMakeTmp/CheckSymbolExists.c:
/* */
#include <net/ethernet.h>

int main(int argc, char** argv)
{
  (void)argv;
#ifndef ether_hostton
  return ((int*)(&ether_hostton))[argc];
#else
  (void)argc;
  return 0;
#endif
}
Determining if files sys/types.h;net/bpf.h exist failed with the following output:
Change Dir: /home/wasp/Code/Bandwidth-Monitor/build/CMakeFiles/CMakeTmp

Run Build Command(s):/usr/bin/gmake -f Makefile cmTC_c7c24/fast && /usr/bin/gmake  -f CMakeFiles/cmTC_c7c24.dir/build.make CMakeFiles/cmTC_c7c24.dir/build
gmake[1]: Entering directory '/home/wasp/Code/Bandwidth-Monitor/build/CMakeFiles/CMakeTmp'
Building C object CMakeFiles/cmTC_c7c24.dir/HAVE_NET_BPF_H.c.o
/usr/bin/cc    -o CMakeFiles/cmTC_c7c24.dir/HAVE_NET_BPF_H.c.o -c /home/wasp/Code/Bandwidth-Monitor/build/CMakeFiles/CheckIncludeFiles/HAVE_NET_BPF_H.c
/home/wasp/Code/Bandwidth-Monitor/build/CMakeFiles/CheckIncludeFiles/HAVE_NET_BPF_H.c:3:10: fatal error: net/bpf.h: No such file or directory
    3 | #include <net/bpf.h>
      |          ^~~~~~~~~~~
compilation terminated.
gmake[1]: *** [CMakeFiles/cmTC_c7c24.dir/build.make:78: CMakeFiles/cmTC_c7c24.dir/HAVE_NET_BPF_H.c.o] Error 1
gmake[1]: Leaving directory '/home/wasp/Code/Bandwidth-Monitor/build/CMakeFiles/CMakeTmp'
gmake: *** [Makefile:127: cmTC_c7c24/fast] Error 2


Source:
/* */
#include <sys/types.h>
#include <net/bpf.h>


int main(void){return 0;}

Determining if the include file net/pfilt.h exists failed with the following output:
Change Dir: /home/wasp/Code/Bandwidth-Monitor/build/CMakeFiles/CMakeTmp

Run Build Command(s):/usr/bin/gmake -f Makefile cmTC_a63b6/fast && /usr/bin/gmake  -f CMakeFiles/cmTC_a63b6.dir/build.make CMakeFiles/cmTC_a63b6.dir/build
gmake[1]: Entering directory '/home/wasp/Code/Bandwidth-Monitor/build/CMakeFiles/CMakeTmp'
Building C object CMakeFiles/cmTC_a63b6.dir/CheckIncludeFile.c.o
/usr/bin/cc    -o CMakeFiles/cmTC_a63b6.dir/CheckIncludeFile.c.o -c /home/wasp/Code/Bandwidth-Monitor/build/CMakeFiles/CMakeTmp/CheckIncludeFile.c
/home/wasp/Code/Bandwidth-Monitor/build/CMakeFiles/CMakeTmp/CheckIncludeFile.c:1:10: fatal error: net/pfilt.h: No such file or directory
    1 | #include <net/pfilt.h>
      |          ^~~~~~~~~~~~~
compilation terminated.
gmake[1]: *** [CMakeFiles/cmTC_a63b6.dir/build.make:78: CMakeFiles/cmTC_a63b6.dir/CheckIncludeFile.c.o] Error 1
gmake[1]: Leaving directory '/home/wasp/Code/Bandwidth-Monitor/build/CMakeFiles/CMakeTmp'
gmake: *** [Makefile:127: cmTC_a63b6/fast] Error 2



Determining if the include file net/enet.h exists failed with the following output:
Change Dir: /home/wasp/Code/Bandwidth-Monitor/build/CMakeFiles/CMakeTmp

Run Build Command(s):/usr/bin/gmake -f Makefile cmTC_717cb/fast && /usr/bin/gmake  -f CMakeFiles/cmTC_717cb.dir/build.make CMakeFiles/cmTC_717cb.dir/build
gmake[1]: Entering directory '/home/wasp/Code/Bandwidth-Monitor/build/CMakeFiles/CMakeTmp'
Building C object CMakeFiles/cmTC_717cb.dir/CheckIncludeFile.c.o
/usr/bin/cc    -o CMakeFiles/cmTC_717cb.dir/CheckIncludeFile.c.o -c /home/wasp/Code/Bandwidth-Monitor/build/CMakeFiles/CMakeTmp/CheckIncludeFile.c
/home/wasp/Code/Bandwidth-Monitor/build/CMakeFiles/CMakeTmp/CheckIncludeFile.c:1:10: fatal error: net/enet.h: No such file or directory
    1 | #include <net/enet.h>
      |          ^~~~~~~~~~~~
compilation terminated.
gmake[1]: *** [CMakeFiles/cmTC_717cb.dir/build.make:78: CMakeFiles/cmTC_717cb.dir/CheckIncludeFile.c.o] Error 1
gmake[1]: Leaving directory '/home/wasp/Code/Bandwidth-Monitor/build/CMakeFiles/CMakeTmp'
gmake: *** [Makefile:127: cmTC_717cb/fast] Error 2



Determining if the include file net/nit.h exists failed with the following output:
Change Dir: /home/wasp/Code/Bandwidth-Monitor/build/CMakeFiles/CMakeTmp

Run Build Command(s):/usr/bin/gmake -f Makefile cmTC_3027b/fast && /usr/bin/gmake  -f CMakeFiles/cmTC_3027b.dir/build.make CMakeFiles/cmTC_3027b.dir/build
gmake[1]: Entering directory '/home/wasp/Code/Bandwidth-Monitor/build/CMakeFiles/CMakeTmp'
Building C object CMakeFiles/cmTC_3027b.dir/CheckIncludeFile.c.o
/usr/bin/cc    -o CMakeFiles/cmTC_3027b.dir/CheckIncludeFile.c.o -c /home/wasp/Code/Bandwidth-Monitor/build/CMakeFiles/CMakeTmp/CheckIncludeFile.c
/home/wasp/Code/Bandwidth-Monitor/build/CMakeFiles/CMakeTmp/CheckIncludeFile.c:1:10: fatal error: net/nit.h: No such file or directory
    1 | #include <net/nit.h>
      |          ^~~~~~~~~~~
compilation terminated.
gmake[1]: *** [CMakeFiles/cmTC_3027b.dir/build.make:78: CMakeFiles/cmTC_3027b.dir/CheckIncludeFile.c.o] Error 1
gmake[1]: Leaving directory '/home/wasp/Code/Bandwidth-Monitor/build/CMakeFiles/CMakeTmp'
gmake: *** [Makefile:127: cmTC_3027b/fast] Error 2



Determining if the include file sys/net/nit.h exists failed with the following output:
Change Dir: /home/wasp/Code/Bandwidth-Monitor/build/CMakeFiles/CMakeTmp

Run Build Command(s):/usr/bin/gmake -f Makefile cmTC_35ea2/fast && /usr/bin/gmake  -f CMakeFiles/cmTC_35ea2.dir/build.make CMakeFiles/cmTC_35ea2.dir/build
gmake[1]: Entering directory '/home/wasp/Code/Bandwidth-Monitor/build/CMakeFiles/CMakeTmp'
Building C object CMakeFiles/cmTC_35ea2.dir/CheckIncludeFile.c.o
/usr/bin/cc    -o CMakeFiles/cmTC_35ea2.dir/CheckIncludeFile.c.o -c /home/wasp/Code/Bandwidth-Monitor/build/CMakeFiles/CMakeTmp/CheckIncludeFile.c
/home/wasp/Code/Bandwidth-Monitor/build/CMakeFiles/CMakeTmp/CheckIncludeFile.c:1:10: fatal error: sys/net/nit.h: No such file or directory
    1 | #include <sys/net/nit.h>
      |          ^~~~~~~~~~~~~~~
compilation terminated.
gmake[1]: *** [CMakeFiles/cmTC_35ea2.dir/build.make:78: CMakeFiles/cmTC_35ea2.dir/CheckIncludeFile.c.o] Error 1
gmake[1]: Leaving directory '/home/wasp/Code/Bandwidth-Monitor/build/CMakeFiles/CMakeTmp'
gmake: *** [Makefile:127: cmTC_35ea2/fast] Error 2



Determining if the include file net/raw.h exists failed with the following output:
Change Dir: /home/wasp/Code/Bandwidth-Monitor/build/CMakeFiles/CMakeTmp

Run Build Command(s):/usr/bin/gmake -f Makefile cmTC_a0b30/fast && /usr/bin/gmake  -f CMakeFiles/cmTC_a0b30.dir/build.make CMakeFiles/cmTC_a0b30.dir/build
gmake[1]: Entering directory '/home/wasp/Code/Bandwidth-Monitor/build/CMakeFiles/CMakeTmp'
Building C object CMakeFiles/cmTC_a0b30.dir/CheckIncludeFile.c.o
/usr/bin/cc    -o CMakeFiles/cmTC_a0b30.dir/CheckIncludeFile.c.o -c /home/wasp/Code/Bandwidth-Monitor/build/CMakeFiles/CMakeTmp/CheckIncludeFile.c
/home/wasp/Code/Bandwidth-Monitor/build/CMakeFiles/CMakeTmp/CheckIncludeFile.c:1:10: fatal error: net/raw.h: No such file or directory
    1 | #include <net/raw.h>
      |          ^~~~~~~~~~~
compilation terminated.
gmake[1]: *** [CMakeFiles/cmTC_a0b30.dir/build.make:78: CMakeFiles/cmTC_a0b30.dir/CheckIncludeFile.c.o] Error 1
gmake[1]: Leaving directory '/home/wasp/Code/Bandwidth-Monitor/build/CMakeFiles/CMakeTmp'
gmake: *** [Makefile:127: cmTC_a0b30/fast] Error 2



Determining if the include file sys/dlpi.h exists failed with the following output:
Change Dir: /home/wasp/Code/Bandwidth-Monitor/build/CMakeFiles/CMakeTmp

Run Build Command(s):/usr/bin/gmake -f Makefile cmTC_d5f2b/fast && /usr/bin/gmake  -f CMakeFiles/cmTC_d5f2b.dir/build.make CMakeFiles/cmTC_d5f2b.dir/build
gmake[1]: Entering directory '/home/wasp/Code/Bandwidth-Monitor/build/CMakeFiles/CMakeTmp'
Building C object CMakeFiles/cmTC_d5f2b.dir/CheckIncludeFile.c.o
/usr/bin/cc    -o CMakeFiles/cmTC_d5f2b.dir/CheckIncludeFile.c.o -c /home/wasp/Code/Bandwidth-Monitor/build/CMakeFiles/CMakeTmp/CheckIncludeFile.c
/home/wasp/Code/Bandwidth-Monitor/build/CMakeFiles/CMakeTmp/CheckIncludeFile.c:1:10: fatal error: sys/dlpi.h: No such file or directory
    1 | #include <sys/dlpi.h>
      |          ^~~~~~~~~~~~
compilation terminated.
gmake[1]: *** [CMakeFiles/cmTC_d5f2b.dir/build.make:78: CMakeFiles/cmTC_d5f2b.dir/CheckIncludeFile.c.o] Error 1
gmake[1]: Leaving directory '/home/wasp/Code/Bandwidth-Monitor/build/CMakeFiles/CMakeTmp'
gmake: *** [Makefile:127: cmTC_d5f2b/fast] Error 2



Determining if the include file config/HaikuConfig.h exists failed with the following output:
Change Dir: /home/wasp/Code/Bandwidth-Monitor/build/CMakeFiles/CMakeTmp

Run Build Command(s):/usr/bin/gmake -f Makefile cmTC_0ba93/fast && /usr/bin/gmake  -f CMakeFiles/cmTC_0ba93.dir/build.make CMakeFiles/cmTC_0ba93.dir/build
gmake[1]: Entering directory '/home/wasp/Code/Bandwidth-Monitor/build/CMakeFiles/CMakeTmp'
Building C object CMakeFiles/cmTC_0ba93.dir/CheckIncludeFile.c.o
/usr/bin/cc    -o CMakeFiles/cmTC_0ba93.dir/CheckIncludeFile.c.o -c /home/wasp/Code/Bandwidth-Monitor/build/CMakeFiles/CMakeTmp/CheckIncludeFile.c
/home/wasp/Code/Bandwidth-Monitor/build/CMakeFiles/CMakeTmp/CheckIncludeFile.c:1:10: fatal error: config/HaikuConfig.h: No such file or directory
    1 | #include <config/HaikuConfig.h>
      |          ^~~~~~~~~~~~~~~~~~~~~~
compilation terminated.
gmake[1]: *** [CMakeFiles/cmTC_0ba93.dir/build.make:78: CMakeFiles/cmTC_0ba93.dir/CheckIncludeFile.c.o] Error 1
gmake[1]: Leaving directory '/home/wasp/Code/Bandwidth-Monitor/build/CMakeFiles/CMakeTmp'
gmake: *** [Makefile:127: cmTC_0ba93/fast] Error 2



Determining if the function nl_socket_alloc exists failed with the following output:
Change Dir: /home/wasp/Code/Bandwidth-Monitor/build/CMakeFiles/CMakeTmp

Run Build Command(s):/usr/bin/gmake -f Makefile cmTC_e9788/fast && /usr/bin/gmake  -f CMakeFiles/cmTC_e9788.dir/build.make CMakeFiles/cmTC_e9788.dir/build
gmake[1]: Entering directory '/home/wasp/Code/Bandwidth-Monitor/build/CMakeFiles/CMakeTmp'
Building C object CMakeFiles/cmTC_e9788.dir/CheckFunctionExists.c.o
/usr/bin/cc   -DCHECK_FUNCTION_EXISTS=nl_socket_alloc -o CMakeFiles/cmTC_e9788.dir/CheckFunctionExists.c.o -c /usr/share/cmake-3.22/Modules/CheckFunctionExists.c
Linking C executable cmTC_e9788
/usr/bin/cmake -E cmake_link_script CMakeFiles/cmTC_e9788.dir/link.txt --verbose=1
/usr/bin/cc  -DCHECK_FUNCTION_EXISTS=nl_socket_alloc -rdynamic CMakeFiles/cmTC_e9788.dir/CheckFunctionExists.c.o -o cmTC_e9788  -lnl-3 
/usr/bin/ld: cannot find -lnl-3: No such file or directory
collect2: error: ld returned 1 exit status
gmake[1]: *** [CMakeFiles/cmTC_e9788.dir/build.make:99: cmTC_e9788] Error 1
gmake[1]: Leaving directory '/home/wasp/Code/Bandwidth-Monitor/build/CMakeFiles/CMakeTmp'
gmake: *** [Makefile:127: cmTC_e9788/fast] Error 2



Determining if files linux/compiler.h exist failed with the following output:
Change Dir: /home/wasp/Code/Bandwidth-Monitor/build/CMakeFiles/CMakeTmp

Run Build Command(s):/usr/bin/gmake -f Makefile cmTC_0f796/fast && /usr/bin/gmake  -f CMakeFiles/cmTC_0f796.dir/build.make CMakeFiles/cmTC_0f796.dir/build
gmake[1]: Entering directory '/home/wasp/Code/Bandwidth-Monitor/build/CMakeFiles/CMakeTmp'
Building C object CMakeFiles/cmTC_0f796.dir/HAVE_LINUX_COMPILER_H.c.o
/usr/bin/cc    -o CMakeFiles/cmTC_0f796.dir/HAVE_LINUX_COMPILER_H.c.o -c /home/wasp/Code/Bandwidth-Monitor/build/CMakeFiles/CheckIncludeFiles/HAVE_LINUX_COMPILER_H.c
/home/wasp/Code/Bandwidth-Monitor/build/CMakeFiles/CheckIncludeFiles/HAVE_LINUX_COMPILER_H.c:2:10: fatal error: linux/compiler.h: No such file or directory
    2 | #include <linux/compiler.h>
      |          ^~~~~~~~~~~~~~~~~~
compilation terminated.
gmake[1]: *** [CMakeFiles/cmTC_0f796.dir/build.make:78: CMakeFiles/cmTC_0f796.dir/HAVE_LINUX_COMPILER_H.c.o] Error 1
gmake[1]: Leaving directory '/home/wasp/Code/Bandwidth-Monitor/build/CMakeFiles/CMakeTmp'
gmake: *** [Makefile:127: cmTC_0f796/fast] Error 2


Source:
/* */
#include <linux/compiler.h>


int main(void){return 0;}

Performing C SOURCE FILE Test PCAP_SUPPORT_NETMAP failed with the following output:
Change Dir: /home/wasp/Code/Bandwidth-Monitor/build/CMakeFiles/CMakeTmp

Run Build Command(s):/usr/bin/gmake -f Makefile cmTC_f70c2/fast && /usr/bin/gmake  -f CMakeFiles/cmTC_f70c2.dir/build.make CMakeFiles/cmTC_f70c2.dir/build
gmake[1]: Entering directory '/home/wasp/Code/Bandwidth-Monitor/build/CMakeFiles/CMakeTmp'
Building C object CMakeFiles/cmTC_f70c2.dir/src.c.o
/usr/bin/cc -DPCAP_SUPPORT_NETMAP   -o CMakeFiles/cmTC_f70c2.dir/src.c.o -c /home/wasp/Code/Bandwidth-Monitor/build/CMakeFiles/CMakeTmp/src.c
/home/wasp/Code/Bandwidth-Monitor/build/CMakeFiles/CMakeTmp/src.c:2:10: fatal error: net/netmap_user.h: No such file or directory
    2 | #include <net/netmap_user.h>
      |          ^~~~~~~~~~~~~~~~~~~
compilation terminated.
gmake[1]: *** [CMakeFiles/cmTC_f70c2.dir/build.make:78: CMakeFiles/cmTC_f70c2.dir/src.c.o] Error 1
gmake[1]: Leaving directory '/home/wasp/Code/Bandwidth-Monitor/build/CMakeFiles/CMakeTmp'
gmake: *** [Makefile:127: cmTC_f70c2/fast] Error 2


Source file was:
#define NETMAP_WITH_LIBS
#include <net/netmap_user.h>

int
main(void)
{
    return 0;
}

Determining if the include file bluetooth/bluetooth.h exists failed with the following output:
Change Dir: /home/wasp/Code/Bandwidth-Monitor/build/CMakeFiles/CMakeTmp

Run Build Command(s):/usr/bin/gmake -f Makefile cmTC_67634/fast && /usr/bin/gmake  -f CMakeFiles/cmTC_67634.dir/build.make CMakeFiles/cmTC_67634.dir/build
gmake[1]: Entering directory '/home/wasp/Code/Bandwidth-Monitor/build/CMakeFiles/CMakeTmp'
Building C object CMakeFiles/cmTC_67634.dir/CheckIncludeFile.c.o
/usr/bin/cc    -o CMakeFiles/cmTC_67634.dir/CheckIncludeFile.c.o -c /home/wasp/Code/Bandwidth-Monitor/build/CMakeFiles/CMakeTmp/CheckIncludeFile.c
/home/wasp/Code/Bandwidth-Monitor/build/CMakeFiles/CMakeTmp/CheckIncludeFile.c:1:10: fatal error: bluetooth/bluetooth.h: No such file or directory
    1 | #include <bluetooth/bluetooth.h>
      |          ^~~~~~~~~~~~~~~~~~~~~~~
compilation terminated.
gmake[1]: *** [CMakeFiles/cmTC_67634.dir/build.make:78: CMakeFiles/cmTC_67634.dir/CheckIncludeFile.c.o] Error 1
gmake[1]: Leaving directory '/home/wasp/Code/Bandwidth-Monitor/build/CMakeFiles/CMakeTmp'
gmake: *** [Makefile:127: cmTC_67634/fast] Error 2



Determining if the function ibv_get_device_list exists in the ibverbs failed with the following output:
Change Dir: /home/wasp/Code/Bandwidth-Monitor/build/CMakeFiles/CMakeTmp

Run Build Command(s):/usr/bin/gmake -f Makefile cmTC_ef898/fast && /usr/bin/gmake  -f CMakeFiles/cmTC_ef898.dir/build.make CMakeFiles/cmTC_ef898.dir/build
gmake[1]: Entering directory '/home/wasp/Code/Bandwidth-Monitor/build/CMakeFiles/CMakeTmp'
Building C object CMakeFiles/cmTC_ef898.dir/CheckFunctionExists.c.o
/usr/bin/cc   -DCHECK_FUNCTION_EXISTS=ibv_get_device_list -o CMakeFiles/cmTC_ef898.dir/CheckFunctionExists.c.o -c /usr/share/cmake-3.22/Modules/CheckFunctionExists.c
Linking C executable cmTC_ef898
/usr/bin/cmake -E cmake_link_script CMakeFiles/cmTC_ef898.dir/link.txt --verbose=1
/usr/bin/cc  -DCHECK_FUNCTION_EXISTS=ibv_get_device_list -rdynamic CMakeFiles/cmTC_ef898.dir/CheckFunctionExists.c.o -o cmTC_ef898  -libverbs 
/usr/bin/ld: cannot find -libverbs: No such file or directory
collect2: error: ld returned 1 exit status
gmake[1]: *** [CMakeFiles/cmTC_ef898.dir/build.make:99: cmTC_ef898] Error 1
gmake[1]: Leaving directory '/home/wasp/Code/Bandwidth-Monitor/build/CMakeFiles/CMakeTmp'
gmake: *** [Makefile:127: cmTC_ef898/fast] Error 2



Determining if the include file msg.h exists failed with the following output:
Change Dir: /home/wasp/Code/Bandwidth-Monitor/build/CMakeFiles/CMakeTmp

Run Build Command(s):/usr/bin/gmake -f Makefile cmTC_818e7/fast && /usr/bin/gmake  -f CMakeFiles/cmTC_818e7.dir/build.make CMakeFiles/cmTC_818e7.dir/build
gmake[1]: Entering directory '/home/wasp/Code/Bandwidth-Monitor/build/CMakeFiles/CMakeTmp'
Building C object CMakeFiles/cmTC_818e7.dir/CheckIncludeFile.c.o
/usr/bin/cc  -I/home/wasp/Code/Bandwidth-Monitor/lib/../septel/INC  -o CMakeFiles/cmTC_818e7.dir/CheckIncludeFile.c.o -c /home/wasp/Code/Bandwidth-Monitor/build/CMakeFiles/CMakeTmp/CheckIncludeFile.c
/home/wasp/Code/Bandwidth-Monitor/build/CMakeFiles/CMakeTmp/CheckIncludeFile.c:1:10: fatal error: msg.h: No such file or directory
    1 | #include <msg.h>
      |          ^~~~~~~
compilation terminated.
gmake[1]: *** [CMakeFiles/cmTC_818e7.dir/build.make:78: CMakeFiles/cmTC_818e7.dir/CheckIncludeFile.c.o] Error 1
gmake[1]: Leaving directory '/home/wasp/Code/Bandwidth-Monitor/build/CMakeFiles/CMakeTmp'
gmake: *** [Makefile:127: cmTC_818e7/fast] Error 2



